make --dry-run --always-make --keep-going --print-directory
make: Entering directory `/Users/bnaji/Desktop/minishell'
printf "\n%b" "\033[1;35m"
echo
echo "\tâ–ˆâ–ˆâ–ˆâ–ˆâ–ˆâ–ˆâ•—     â–ˆâ–ˆâ–ˆâ•—   â–ˆâ–ˆâ•—    â–ˆâ–ˆâ–ˆâ•—   â–ˆâ–ˆâ–ˆâ•—"
echo "\tâ–ˆâ–ˆâ•”â•â•â–ˆâ–ˆâ•—    â–ˆâ–ˆâ–ˆâ–ˆâ•—  â–ˆâ–ˆâ•‘    â–ˆâ–ˆâ–ˆâ–ˆâ•— â–ˆâ–ˆâ–ˆâ–ˆâ•‘"
echo "\tâ–ˆâ–ˆâ–ˆâ–ˆâ–ˆâ–ˆâ•”â•    â–ˆâ–ˆâ•”â–ˆâ–ˆâ•— â–ˆâ–ˆâ•‘    â–ˆâ–ˆâ•”â–ˆâ–ˆâ–ˆâ–ˆâ•”â–ˆâ–ˆâ•‘"
echo "\tâ–ˆâ–ˆâ•”â•â•â–ˆâ–ˆâ•—    â–ˆâ–ˆâ•‘â•šâ–ˆâ–ˆâ•—â–ˆâ–ˆâ•‘    â–ˆâ–ˆâ•‘â•šâ–ˆâ–ˆâ•”â•â–ˆâ–ˆâ•‘"
echo "\tâ–ˆâ–ˆâ–ˆâ–ˆâ–ˆâ–ˆâ•”â•    â–ˆâ–ˆâ•‘ â•šâ–ˆâ–ˆâ–ˆâ–ˆâ•‘    â–ˆâ–ˆâ•‘ â•šâ•â• â–ˆâ–ˆâ•‘"
echo "\tâ•šâ•â•â•â•â•â•     â•šâ•â•  â•šâ•â•â•â•    â•šâ•â•     â•šâ•â•"
echo
printf "\t\033[1;36mAUTHORS\t\t:\t\033[1;32m%b\n\t\033[1;36mTEAM NAME\t:\t\033[1;32m%b\n\t\033[1;36mNAME\t\t:\t\033[1;32m%b\n\t\033[1;36mDATE\t\t:\t\033[1;32m%b\n\n" "Bassam & Moatasem " "\033[1;34mÙ©â—”Ì¯â—”Û¶\033[1;32m ğ•­ ğ•¹ ğ•¸  \033[1;34mà°  ÍŸà² \033[1;32m" "MINISHELL" "29 - 11 - 2021"
echo "\t\033[1;33mLOADING...\033[1;31m\n"
mkdir -p ./includes/
mkdir -p ./src/
mkdir -p ./objs/
mkdir -p ./libraries/
gcc -Wall -Wextra -Werror -c src/main.c -o objs/main.o
 
gcc -Wall -Wextra -Werror -c src/cmd_checker.c -o objs/cmd_checker.o
ar -rc ./libraries/ft_minishell.a ./objs/main.o ./objs/cmd_checker.o
echo "\t\033[m[\033[1;32mâœ“\033[m]   \033[3;33mMINISHELL Is Done\n"
/Library/Developer/CommandLineTools/usr/bin/make -C ./libft/ all && mv ./libft/libft.a ./libraries/
 
make[1]: Entering directory `/Users/bnaji/Desktop/minishell/libft'
gcc -Wall -Wextra -Werror -c ft_atoi.c -o ft_atoi.o
gcc -Wall -Wextra -Werror -c ft_bzero.c -o ft_bzero.o
gcc -Wall -Wextra -Werror -c ft_calloc.c -o ft_calloc.o
gcc -Wall -Wextra -Werror -c ft_isalnum.c -o ft_isalnum.o
gcc -Wall -Wextra -Werror -c ft_isalpha.c -o ft_isalpha.o
 
gcc -Wall -Wextra -Werror -c ft_isascii.c -o ft_isascii.o
gcc -Wall -Wextra -Werror -c ft_isdigit.c -o ft_isdigit.o
gcc -Wall -Wextra -Werror -c ft_isprint.c -o ft_isprint.o
gcc -Wall -Wextra -Werror -c ft_memchr.c -o ft_memchr.o
gcc -Wall -Wextra -Werror -c ft_memcmp.c -o ft_memcmp.o
gcc -Wall -Wextra -Werror -c ft_memcpy.c -o ft_memcpy.o
gcc -Wall -Wextra -Werror -c ft_memmove.c -o ft_memmove.o
gcc -Wall -Wextra -Werror -c ft_memset.c -o ft_memset.o
gcc -Wall -Wextra -Werror -c ft_strchr.c -o ft_strchr.o
gcc -Wall -Wextra -Werror -c ft_strrchr.c -o ft_strrchr.o
gcc -Wall -Wextra -Werror -c ft_strdup.c -o ft_strdup.o
gcc -Wall -Wextra -Werror -c ft_strlcat.c -o ft_strlcat.o
gcc -Wall -Wextra -Werror -c ft_strlcpy.c -o ft_strlcpy.o
gcc -Wall -Wextra -Werror -c ft_strlen.c -o ft_strlen.o
gcc -Wall -Wextra -Werror -c ft_strncmp.c -o ft_strncmp.o
gcc -Wall -Wextra -Werror -c ft_strnstr.c -o ft_strnstr.o
gcc -Wall -Wextra -Werror -c ft_tolower.c -o ft_tolower.o
gcc -Wall -Wextra -Werror -c ft_toupper.c -o ft_toupper.o
gcc -Wall -Wextra -Werror -c ft_substr.c -o ft_substr.o
gcc -Wall -Wextra -Werror -c ft_strjoin.c -o ft_strjoin.o
gcc -Wall -Wextra -Werror -c ft_strtrim.c -o ft_strtrim.o
gcc -Wall -Wextra -Werror -c ft_split.c -o ft_split.o
gcc -Wall -Wextra -Werror -c ft_itoa.c -o ft_itoa.o
gcc -Wall -Wextra -Werror -c ft_strmapi.c -o ft_strmapi.o
gcc -Wall -Wextra -Werror -c ft_striteri.c -o ft_striteri.o
gcc -Wall -Wextra -Werror -c ft_putchar_fd.c -o ft_putchar_fd.o
gcc -Wall -Wextra -Werror -c ft_putstr_fd.c -o ft_putstr_fd.o
gcc -Wall -Wextra -Werror -c ft_putendl_fd.c -o ft_putendl_fd.o
gcc -Wall -Wextra -Werror -c ft_putnbr_fd.c -o ft_putnbr_fd.o
gcc -Wall -Wextra -Werror -c ft_strcmp.c -o ft_strcmp.o
gcc -c -Wall -Wextra -Werror ft_atoi.c ft_bzero.c ft_calloc.c ft_isalnum.c ft_isalpha.c ft_isascii.c ft_isdigit.c ft_isprint.c ft_memchr.c ft_memcmp.c ft_memcpy.c ft_memmove.c ft_memset.c ft_strchr.c ft_strrchr.c ft_strdup.c ft_strlcat.c ft_strlcpy.c ft_strlen.c ft_strncmp.c ft_strnstr.c ft_tolower.c ft_toupper.c ft_substr.c ft_strjoin.c ft_strtrim.c ft_split.c ft_itoa.c ft_strmapi.c ft_striteri.c ft_putchar_fd.c ft_putstr_fd.c ft_putendl_fd.c ft_putnbr_fd.c ft_strcmp.c
ar -rc libft.a ft_atoi.o ft_bzero.o ft_calloc.o ft_isalnum.o ft_isalpha.o ft_isascii.o ft_isdigit.o ft_isprint.o ft_memchr.o ft_memcmp.o ft_memcpy.o ft_memmove.o ft_memset.o ft_strchr.o ft_strrchr.o ft_strdup.o ft_strlcat.o ft_strlcpy.o ft_strlen.o ft_strncmp.o ft_strnstr.o ft_tolower.o ft_toupper.o ft_substr.o ft_strjoin.o ft_strtrim.o ft_split.o ft_itoa.o ft_strmapi.o ft_striteri.o ft_putchar_fd.o ft_putstr_fd.o ft_putendl_fd.o ft_putnbr_fd.o ft_strcmp.o 
make[1]: Leaving directory `/Users/bnaji/Desktop/minishell/libft'
libtool -static -o ./libraries/minishell.a ./libraries/ft_minishell.a ./libraries/libft.a
echo "\t\033[m[\033[1;32mâœ“\033[m]   \033[3;33mFinal Library Is Done\n"
make: Leaving directory `/Users/bnaji/Desktop/minishell'
 
mv: ./libft/libft.a: No such file or directory
make: *** [libft.a] Error 1
 
