make all --print-data-base --no-builtin-variables --no-builtin-rules --question
# GNU Make 3.81
# Copyright (C) 2006  Free Software Foundation, Inc.
# This is free software; see the source for copying conditions.
# There is NO warranty; not even for MERCHANTABILITY or FITNESS FOR A
# PARTICULAR PURPOSE.

# This program built for i386-apple-darwin11.3.0
 

# Make data base, printed on Tue Nov 30 18:10:38 2021

# Variables

 
# automatic
<D = $(patsubst %/,%,$(dir $<))
# automatic
?F = $(notdir $?)
# environment
VSCODE_LOG_NATIVE = false
# automatic
?D = $(patsubst %/,%,$(dir $?))
# automatic
@D = $(patsubst %/,%,$(dir $@))
# automatic
@F = $(notdir $@)
# makefile
CURDIR := /Users/bnaji/Desktop/minishell
# makefile
SHELL = /bin/sh
# environment
DIRHISTORY_SIZE = 30
# environment
VSCODE_NLS_CONFIG = {"locale":"en-us","availableLanguages":{},"_languagePackSupport":true}
# environment
_ = /usr/bin/make
# makefile (from `Makefile', line 3)
BLUE = \033[1;34m
# makefile (from `Makefile', line 1)
MAKEFILE_LIST :=  Makefile
# makefile (from `Makefile', line 50)
OBJ_DIR = ./objs/
# makefile (from `Makefile', line 65)
EXEC_NAME = minishell
# environment
VSCODE_VERBOSE_LOGGING = true
# makefile (from `Makefile', line 62)
NAME_ALL = minishell.a
# environment
VSCODE_IPC_HOOK_EXTHOST = /var/folders/zz/zyxvpxvq6csfxvn_n000c_wm0032q5/T/vscode-ipc-5f6527ba-2e42-4a66-a026-f37f9d05193b.sock
# environment
VSCODE_CWD = /
# makefile (from `Makefile', line 9)
IYELLOW = \033[3;33m
# environment
PATH = /usr/local/bin:/usr/bin:/bin:/usr/sbin:/sbin:/usr/local/munki:/Users/home_bnaji/Desktop/42-ValgrindContainer
# environment
LSCOLORS = Gxfxcxdxbxegedabagacad
# makefile (from `Makefile', line 53)
HEADERS_DIR = ./includes/
# environment
VSCODE_LOG_STACK = false
# environment
ELECTRON_RUN_AS_NODE = 1
# default
.FEATURES := target-specific order-only second-expansion else-if archives jobserver check-symlink
# makefile (from `Makefile', line 38)
LIBFT_DIR = ./libft/
# makefile (from `Makefile', line 2)
PURPLE = \033[1;35m
# environment
SSH_AUTH_SOCK = /private/tmp/com.apple.launchd.jNpMgosvJk/Listeners
# automatic
%F = $(notdir $%)
# makefile (from `Makefile', line 18)
TEAM_NAME = $(BLUE)Ù©â—”Ì¯â—”Û¶$(GREEN) ð•­ ð•¹ ð•¸  $(BLUE)à°  ÍŸà² $(GREEN)
# makefile (from `Makefile', line 15)
AUTHORS = Bassam & Moatasem 
# environment
VSCODE_PIPE_LOGGING = true
# environment
PWD = /Users/bnaji/Desktop/minishell
# environment
ORIGINAL_XDG_CURRENT_DESKTOP = undefined
# makefile (from `Makefile', line 6)
GREEN = \033[1;32m
# makefile (from `Makefile', line 5)
LIGHT_BLUE = \033[1;36m
# environment
VSCODE_AMD_ENTRYPOINT = vs/workbench/services/extensions/node/extensionHostProcess
# environment
HOME = /Users/bnaji
# default
MAKEFILEPATH = $(shell /usr/bin/xcode-select -print-path 2>/dev/null || echo /Developer)/Makefiles
# environment
VSCODE_CODE_CACHE_PATH = /Users/bnaji/Library/Application Support/Code/CachedData/ccbaa2d27e38e5afa3e5c21c1c7bef4657064247
# environment
LOGNAME = bnaji
# environment
APPLICATION_INSIGHTS_NO_DIAGNOSTIC_CHANNEL = true
# environment
ZSH = /Users/bnaji/.oh-my-zsh
# makefile (from `Makefile', line 35)
CFLAG = -Wall -Wextra -Werror
# environment
VSCODE_HANDLES_UNCAUGHT_ERRORS = true
# automatic
^D = $(patsubst %/,%,$(dir $^))
# environment
XPC_FLAGS = 0x0
# default
MAKE = $(MAKE_COMMAND)
# default
MAKECMDGOALS := all
# environment
SHLVL = 1
# makefile (from `Makefile', line 4)
WHITE = \033[1;37m
# makefile (from `Makefile', line 29)
SRC_NAME = $(addprefix $(SRC_DIR), $(C_FILES))
# default
MAKE_VERSION := 3.81
# environment
USER = bnaji
# makefile
.DEFAULT_GOAL := all
# makefile (from `Makefile', line 59)
NAME = ft_minishell.a
# environment
LESS = -R
# automatic
%D = $(patsubst %/,%,$(dir $%))
# makefile (from `Makefile', line 56)
LIBS_DIR = ./libraries/
# default
MAKE_COMMAND := /Library/Developer/CommandLineTools/usr/bin/make
# default
.VARIABLES := 
# environment
TMPDIR = /var/folders/zz/zyxvpxvq6csfxvn_n000c_wm0032q5/T/
# automatic
*F = $(notdir $*)
# environment
VSCODE_IPC_HOOK = /Users/bnaji/Library/Application Support/Code/1.62.3-main.sock
# makefile (from `Makefile', line 7)
RED = \033[1;31m
# makefile
MAKEFLAGS = Rrqp
# environment
MFLAGS = -Rrqp
# automatic
*D = $(patsubst %/,%,$(dir $*))
# environment
XPC_SERVICE_NAME = com.microsoft.VSCode.2972
# automatic
+D = $(patsubst %/,%,$(dir $+))
# makefile (from `Makefile', line 8)
BYELLOW = \033[1;33m
# automatic
+F = $(notdir $+)
# environment
__CF_USER_TEXT_ENCODING = 0x18AE5:0x0:0x0
# default
MAKEFILES := 
# makefile (from `Makefile', line 47)
SRC_DIR = ./src/
# automatic
<F = $(notdir $<)
# makefile (from `Makefile', line 21)
PROJECT_NAME = MINISHELL
# makefile (from `Makefile', line 24)
DATE = 29 - 11 - 2021
# environment
PAGER = less
# environment
LC_ALL = C
# makefile (from `Makefile', line 44)
LIBS = $(addprefix $(LIBS_DIR), *.a)
# automatic
^F = $(notdir $^)
# default
SUFFIXES := 
# default
.INCLUDE_DIRS = /usr/local/include
 
# makefile (from `Makefile', line 26)
C_FILES = main.c cmd_checker.c
# makefile (from `Makefile', line 32)
OBJ_NAME = $(addprefix $(OBJ_DIR), ${C_FILES:%.c=%.o})
# environment
MAKELEVEL := 0
# environment
LANG = C
# environment
VSCODE_PID = 25181
# makefile (from `Makefile', line 41)
LIBFT_LIB = libft.a
# makefile (from `Makefile', line 10)
NO_COLOR = \033[m
# variable set hash-table stats:
# Load=92/1024=9%, Rehash=0, Collisions=18/156=12%

# Pattern-specific Variable Values

# No pattern-specific variable values.

# Directories

# . (device 16777225, inode 2808293): 12 files, no impossibilities.
# ./src (device 16777225, inode 2818404): No files, no impossibilities so far.

# 12 files, no impossibilities in 2 directories.

# Implicit Rules

objs/%.o: ./src/%.c
#  commands to execute (from `Makefile', line 83):
	@gcc ${CFLAG} -c $< -o $@
	

# 1 implicit rules, 0 (0.0%) terminal.

# Files

# Not a target:
objs/main.o:
#  Implicit rule search has not been done.
#  Modification time never checked.
#  File has not been updated.

all: header libraries/ft_minishell.a libft.a libraries/minishell.a
#  Phony target (prerequisite of .PHONY).
#  Command-line target.
#  Implicit rule search has not been done.
#  File does not exist.
#  File has been updated.
#  Needs to be updated (-q is set).
# variable set hash-table stats:
# Load=0/32=0%, Rehash=0, Collisions=0/25=0%
#  commands to execute (from `Makefile', line 68):
	@gcc $(LIBS_DIR)$(NAME_ALL) -lreadline -o $(EXEC_NAME)
	@echo "\t$(NO_COLOR)[$(GREEN)âœ“$(NO_COLOR)]   $(IYELLOW)Compilation Is Done\n"
	@echo "$(GREEN)*************************************************************************"
	@echo "$(GREEN)*\t\t\t\t$(BYELLOW)READY\t\t\t\t\t$(GREEN)*"
	@echo "$(GREEN)*************************************************************************"
	

.PHONY: all clean fclean re
#  Implicit rule search has not been done.
#  Modification time never checked.
#  File has not been updated.

header:
#  Implicit rule search has not been done.
#  Implicit/static pattern stem: `'
#  File does not exist.
#  File has been updated.
#  Needs to be updated (-q is set).
# automatic
# @ := header
# automatic
# % := 
# automatic
# * := 
# automatic
# + := 
# automatic
# | := 
# automatic
# < := 
# automatic
# ^ := 
# automatic
# ? := 
# variable set hash-table stats:
# Load=8/32=25%, Rehash=0, Collisions=14/33=42%
#  commands to execute (from `Makefile', line 90):
	@printf "\n%b" "$(PURPLE)"
	@echo
	@echo "\tâ–ˆâ–ˆâ–ˆâ–ˆâ–ˆâ–ˆâ•—     â–ˆâ–ˆâ–ˆâ•—   â–ˆâ–ˆâ•—    â–ˆâ–ˆâ–ˆâ•—   â–ˆâ–ˆâ–ˆâ•—"
	@echo "\tâ–ˆâ–ˆâ•”â•â•â–ˆâ–ˆâ•—    â–ˆâ–ˆâ–ˆâ–ˆâ•—  â–ˆâ–ˆâ•‘    â–ˆâ–ˆâ–ˆâ–ˆâ•— â–ˆâ–ˆâ–ˆâ–ˆâ•‘"
	@echo "\tâ–ˆâ–ˆâ–ˆâ–ˆâ–ˆâ–ˆâ•”â•    â–ˆâ–ˆâ•”â–ˆâ–ˆâ•— â–ˆâ–ˆâ•‘    â–ˆâ–ˆâ•”â–ˆâ–ˆâ–ˆâ–ˆâ•”â–ˆâ–ˆâ•‘"
	@echo "\tâ–ˆâ–ˆâ•”â•â•â–ˆâ–ˆâ•—    â–ˆâ–ˆâ•‘â•šâ–ˆâ–ˆâ•—â–ˆâ–ˆâ•‘    â–ˆâ–ˆâ•‘â•šâ–ˆâ–ˆâ•”â•â–ˆâ–ˆâ•‘"
	@echo "\tâ–ˆâ–ˆâ–ˆâ–ˆâ–ˆâ–ˆâ•”â•    â–ˆâ–ˆâ•‘ â•šâ–ˆâ–ˆâ–ˆâ–ˆâ•‘    â–ˆâ–ˆâ•‘ â•šâ•â• â–ˆâ–ˆâ•‘"
	@echo "\tâ•šâ•â•â•â•â•â•     â•šâ•â•  â•šâ•â•â•â•    â•šâ•â•     â•šâ•â•"
	@echo
	@printf "\t$(LIGHT_BLUE)AUTHORS\t\t:\t$(GREEN)%b\n\t$(LIGHT_BLUE)TEAM NAME\t:\t$(GREEN)%b\n\t$(LIGHT_BLUE)NAME\t\t:\t$(GREEN)%b\n\t$(LIGHT_BLUE)DATE\t\t:\t$(GREEN)%b\n\n" "$(AUTHORS)" "$(TEAM_NAME)" "$(PROJECT_NAME)" "$(DATE)"
	@echo "\t$(BYELLOW)LOADING...$(RED)\n"
	@mkdir -p $(HEADERS_DIR)
	@mkdir -p $(SRC_DIR)
	@mkdir -p $(OBJ_DIR)
	@mkdir -p $(LIBS_DIR)
	

# Not a target:
.SUFFIXES:
#  Implicit rule search has not been done.
#  Modification time never checked.
#  File has not been updated.

# Not a target:
Makefile:
#  Implicit rule search has been done.
#  Last modified 2021-11-30 17:06:27
#  File has been updated.
#  Successfully updated.
# variable set hash-table stats:
# Load=0/32=0%, Rehash=0, Collisions=0/0=0%

libft.a:
#  Implicit rule search has not been done.
#  Modification time never checked.
#  File has not been updated.
#  commands to execute (from `Makefile', line 79):
	@$(MAKE) -C $(LIBFT_DIR) all && mv $(LIBFT_DIR)$(LIBFT_LIB) $(LIBS_DIR)
	@echo "\t$(NO_COLOR)[$(GREEN)âœ“$(NO_COLOR)]   $(IYELLOW)LIBFT Is Done\n"
	

test:
#  Implicit rule search has not been done.
#  Modification time never checked.
#  File has not been updated.
#  commands to execute (from `Makefile', line 115):
	$(TESTER_COMMAND)
	

fclean: clean
#  Phony target (prerequisite of .PHONY).
#  Implicit rule search has not been done.
#  File does not exist.
#  File has not been updated.
#  commands to execute (from `Makefile', line 110):
	@rm -rf $(LIBS_DIR) $(EXEC_NAME)
	

libraries/ft_minishell.a: objs/main.o objs/cmd_checker.o
#  Implicit rule search has not been done.
#  Modification time never checked.
#  File has not been updated.
#  commands to execute (from `Makefile', line 75):
	@ar -rc ${LIBS_DIR}$(NAME) $(OBJ_NAME)
	@echo "\t$(NO_COLOR)[$(GREEN)âœ“$(NO_COLOR)]   $(IYELLOW)MINISHELL Is Done\n"
	

# Not a target:
.DEFAULT:
#  Implicit rule search has not been done.
#  Modification time never checked.
#  File has not been updated.

re: fclean all
#  Phony target (prerequisite of .PHONY).
#  Implicit rule search has not been done.
#  File does not exist.
#  File has not been updated.

clean:
#  Phony target (prerequisite of .PHONY).
#  Implicit rule search has not been done.
#  File does not exist.
#  File has not been updated.
#  commands to execute (from `Makefile', line 106):
	@$(MAKE) -C $(LIBFT_DIR) clean
	@rm -rf $(OBJ_NAME) $(OBJ_DIR)
	

# Not a target:
objs/cmd_checker.o:
#  Implicit rule search has not been done.
#  Modification time never checked.
#  File has not been updated.

libraries/minishell.a:
#  Implicit rule search has not been done.
#  Modification time never checked.
#  File has not been updated.
#  commands to execute (from `Makefile', line 86):
	@libtool -static -o $(LIBS_DIR)$(NAME_ALL) $(LIBS_DIR)$(NAME) $(LIBS_DIR)$(LIBFT_LIB)
	@echo "\t$(NO_COLOR)[$(GREEN)âœ“$(NO_COLOR)]   $(IYELLOW)Final Library Is Done\n"
	

# files hash-table stats:
# Load=15/1024=1%, Rehash=0, Collisions=2/42=5%
# VPATH Search Paths

# No `vpath' search paths.

# No general (`VPATH' variable) search path.

# # of strings in strcache: 1
# # of strcache buffers: 1
# strcache size: total = 4096 / max = 4096 / min = 4096 / avg = 4096
# strcache free: total = 4087 / max = 4087 / min = 4087 / avg = 4087

# Finished Make data base on Tue Nov 30 18:10:38 2021

 
